{"C:\\Users\\User\\Desktop\\Software_Engineering\\project\\se-project-backend-18_hai-porjai-tum\\app.js": {"path":"C:\\Users\\User\\Desktop\\Software_Engineering\\project\\se-project-backend-18_hai-porjai-tum\\app.js","statementMap":{"0":{"start":{"line":2,"column":16},"end":{"line":2,"column":34}},"1":{"start":{"line":3,"column":15},"end":{"line":3,"column":32}},"2":{"start":{"line":4,"column":19},"end":{"line":4,"column":44}},"3":{"start":{"line":6,"column":0},"end":{"line":6,"column":16}},"4":{"start":{"line":8,"column":12},"end":{"line":8,"column":21}},"5":{"start":{"line":9,"column":0},"end":{"line":9,"column":24}},"6":{"start":{"line":12,"column":0},"end":{"line":12,"column":32}},"7":{"start":{"line":14,"column":0},"end":{"line":14,"column":21}}},"fnMap":{},"branchMap":{},"s":{"0":1,"1":1,"2":1,"3":1,"4":1,"5":1,"6":1,"7":1},"f":{},"b":{},"_coverageSchema":"1a1c01bbd47fc00a2c39e90264f33305004495a9","hash":"889ca52a9824991ab89477e68c31ae9d0be8a82d"}
,"C:\\Users\\User\\Desktop\\Software_Engineering\\project\\se-project-backend-18_hai-porjai-tum\\controllers\\rentals.js": {"path":"C:\\Users\\User\\Desktop\\Software_Engineering\\project\\se-project-backend-18_hai-porjai-tum\\controllers\\rentals.js","statementMap":{"0":{"start":{"line":1,"column":15},"end":{"line":1,"column":42}},"1":{"start":{"line":2,"column":12},"end":{"line":2,"column":36}},"2":{"start":{"line":8,"column":0},"end":{"line":53,"column":2}},"3":{"start":{"line":10,"column":4},"end":{"line":52,"column":5}},"4":{"start":{"line":11,"column":8},"end":{"line":37,"column":9}},"5":{"start":{"line":12,"column":12},"end":{"line":18,"column":15}},"6":{"start":{"line":20,"column":12},"end":{"line":36,"column":13}},"7":{"start":{"line":21,"column":16},"end":{"line":27,"column":19}},"8":{"start":{"line":29,"column":16},"end":{"line":35,"column":19}},"9":{"start":{"line":39,"column":24},"end":{"line":39,"column":35}},"10":{"start":{"line":41,"column":8},"end":{"line":45,"column":11}},"11":{"start":{"line":47,"column":8},"end":{"line":47,"column":37}},"12":{"start":{"line":48,"column":8},"end":{"line":51,"column":11}},"13":{"start":{"line":59,"column":0},"end":{"line":81,"column":1}},"14":{"start":{"line":60,"column":4},"end":{"line":80,"column":5}},"15":{"start":{"line":61,"column":23},"end":{"line":67,"column":10}},"16":{"start":{"line":69,"column":8},"end":{"line":71,"column":9}},"17":{"start":{"line":70,"column":12},"end":{"line":70,"column":119}},"18":{"start":{"line":73,"column":8},"end":{"line":76,"column":11}},"19":{"start":{"line":78,"column":8},"end":{"line":78,"column":27}},"20":{"start":{"line":79,"column":8},"end":{"line":79,"column":87}},"21":{"start":{"line":86,"column":0},"end":{"line":146,"column":1}},"22":{"start":{"line":87,"column":4},"end":{"line":145,"column":5}},"23":{"start":{"line":89,"column":8},"end":{"line":89,"column":36}},"24":{"start":{"line":92,"column":31},"end":{"line":92,"column":71}},"25":{"start":{"line":99,"column":8},"end":{"line":102,"column":9}},"26":{"start":{"line":101,"column":12},"end":{"line":101,"column":135}},"27":{"start":{"line":105,"column":8},"end":{"line":105,"column":40}},"28":{"start":{"line":107,"column":20},"end":{"line":107,"column":56}},"29":{"start":{"line":109,"column":8},"end":{"line":111,"column":9}},"30":{"start":{"line":110,"column":12},"end":{"line":110,"column":114}},"31":{"start":{"line":130,"column":26},"end":{"line":130,"column":55}},"32":{"start":{"line":131,"column":24},"end":{"line":131,"column":53}},"33":{"start":{"line":132,"column":28},"end":{"line":132,"column":97}},"34":{"start":{"line":134,"column":23},"end":{"line":134,"column":85}},"35":{"start":{"line":138,"column":8},"end":{"line":141,"column":11}},"36":{"start":{"line":143,"column":8},"end":{"line":143,"column":27}},"37":{"start":{"line":144,"column":8},"end":{"line":144,"column":89}},"38":{"start":{"line":151,"column":0},"end":{"line":193,"column":1}},"39":{"start":{"line":152,"column":4},"end":{"line":192,"column":5}},"40":{"start":{"line":153,"column":21},"end":{"line":153,"column":57}},"41":{"start":{"line":155,"column":8},"end":{"line":157,"column":9}},"42":{"start":{"line":156,"column":12},"end":{"line":156,"column":117}},"43":{"start":{"line":160,"column":8},"end":{"line":162,"column":9}},"44":{"start":{"line":161,"column":12},"end":{"line":161,"column":137}},"45":{"start":{"line":173,"column":20},"end":{"line":173,"column":50}},"46":{"start":{"line":174,"column":8},"end":{"line":174,"column":24}},"47":{"start":{"line":176,"column":26},"end":{"line":176,"column":55}},"48":{"start":{"line":177,"column":24},"end":{"line":177,"column":53}},"49":{"start":{"line":178,"column":28},"end":{"line":178,"column":97}},"50":{"start":{"line":179,"column":8},"end":{"line":179,"column":42}},"51":{"start":{"line":181,"column":8},"end":{"line":184,"column":11}},"52":{"start":{"line":185,"column":8},"end":{"line":188,"column":11}},"53":{"start":{"line":190,"column":8},"end":{"line":190,"column":27}},"54":{"start":{"line":191,"column":8},"end":{"line":191,"column":89}},"55":{"start":{"line":198,"column":0},"end":{"line":221,"column":1}},"56":{"start":{"line":199,"column":4},"end":{"line":220,"column":5}},"57":{"start":{"line":200,"column":21},"end":{"line":200,"column":57}},"58":{"start":{"line":202,"column":8},"end":{"line":204,"column":9}},"59":{"start":{"line":203,"column":12},"end":{"line":203,"column":117}},"60":{"start":{"line":207,"column":8},"end":{"line":209,"column":9}},"61":{"start":{"line":208,"column":12},"end":{"line":208,"column":137}},"62":{"start":{"line":211,"column":8},"end":{"line":211,"column":33}},"63":{"start":{"line":213,"column":8},"end":{"line":216,"column":11}},"64":{"start":{"line":218,"column":8},"end":{"line":218,"column":27}},"65":{"start":{"line":219,"column":8},"end":{"line":219,"column":89}}},"fnMap":{"0":{"name":"(anonymous_0)","decl":{"start":{"line":8,"column":21},"end":{"line":8,"column":22}},"loc":{"start":{"line":8,"column":47},"end":{"line":53,"column":1}},"line":8},"1":{"name":"(anonymous_1)","decl":{"start":{"line":59,"column":20},"end":{"line":59,"column":21}},"loc":{"start":{"line":59,"column":46},"end":{"line":81,"column":1}},"line":59},"2":{"name":"(anonymous_2)","decl":{"start":{"line":86,"column":20},"end":{"line":86,"column":21}},"loc":{"start":{"line":86,"column":46},"end":{"line":146,"column":1}},"line":86},"3":{"name":"(anonymous_3)","decl":{"start":{"line":151,"column":23},"end":{"line":151,"column":24}},"loc":{"start":{"line":151,"column":49},"end":{"line":193,"column":1}},"line":151},"4":{"name":"(anonymous_4)","decl":{"start":{"line":198,"column":23},"end":{"line":198,"column":24}},"loc":{"start":{"line":198,"column":49},"end":{"line":221,"column":1}},"line":198}},"branchMap":{"0":{"loc":{"start":{"line":11,"column":8},"end":{"line":37,"column":9}},"type":"if","locations":[{"start":{"line":11,"column":8},"end":{"line":37,"column":9}},{"start":{"line":19,"column":15},"end":{"line":37,"column":9}}],"line":11},"1":{"loc":{"start":{"line":20,"column":12},"end":{"line":36,"column":13}},"type":"if","locations":[{"start":{"line":20,"column":12},"end":{"line":36,"column":13}},{"start":{"line":28,"column":19},"end":{"line":36,"column":13}}],"line":20},"2":{"loc":{"start":{"line":69,"column":8},"end":{"line":71,"column":9}},"type":"if","locations":[{"start":{"line":69,"column":8},"end":{"line":71,"column":9}},{"start":{},"end":{}}],"line":69},"3":{"loc":{"start":{"line":99,"column":8},"end":{"line":102,"column":9}},"type":"if","locations":[{"start":{"line":99,"column":8},"end":{"line":102,"column":9}},{"start":{},"end":{}}],"line":99},"4":{"loc":{"start":{"line":99,"column":12},"end":{"line":99,"column":67}},"type":"binary-expr","locations":[{"start":{"line":99,"column":12},"end":{"line":99,"column":38}},{"start":{"line":99,"column":42},"end":{"line":99,"column":67}}],"line":99},"5":{"loc":{"start":{"line":109,"column":8},"end":{"line":111,"column":9}},"type":"if","locations":[{"start":{"line":109,"column":8},"end":{"line":111,"column":9}},{"start":{},"end":{}}],"line":109},"6":{"loc":{"start":{"line":155,"column":8},"end":{"line":157,"column":9}},"type":"if","locations":[{"start":{"line":155,"column":8},"end":{"line":157,"column":9}},{"start":{},"end":{}}],"line":155},"7":{"loc":{"start":{"line":160,"column":8},"end":{"line":162,"column":9}},"type":"if","locations":[{"start":{"line":160,"column":8},"end":{"line":162,"column":9}},{"start":{},"end":{}}],"line":160},"8":{"loc":{"start":{"line":160,"column":12},"end":{"line":160,"column":79}},"type":"binary-expr","locations":[{"start":{"line":160,"column":12},"end":{"line":160,"column":50}},{"start":{"line":160,"column":54},"end":{"line":160,"column":79}}],"line":160},"9":{"loc":{"start":{"line":202,"column":8},"end":{"line":204,"column":9}},"type":"if","locations":[{"start":{"line":202,"column":8},"end":{"line":204,"column":9}},{"start":{},"end":{}}],"line":202},"10":{"loc":{"start":{"line":207,"column":8},"end":{"line":209,"column":9}},"type":"if","locations":[{"start":{"line":207,"column":8},"end":{"line":209,"column":9}},{"start":{},"end":{}}],"line":207},"11":{"loc":{"start":{"line":207,"column":12},"end":{"line":207,"column":79}},"type":"binary-expr","locations":[{"start":{"line":207,"column":12},"end":{"line":207,"column":50}},{"start":{"line":207,"column":54},"end":{"line":207,"column":79}}],"line":207}},"s":{"0":1,"1":1,"2":1,"3":4,"4":4,"5":2,"6":2,"7":1,"8":1,"9":3,"10":3,"11":1,"12":1,"13":1,"14":3,"15":3,"16":2,"17":1,"18":1,"19":1,"20":1,"21":1,"22":4,"23":4,"24":4,"25":3,"26":1,"27":2,"28":2,"29":2,"30":1,"31":1,"32":1,"33":1,"34":1,"35":1,"36":1,"37":1,"38":1,"39":4,"40":4,"41":3,"42":1,"43":2,"44":1,"45":1,"46":1,"47":1,"48":1,"49":1,"50":1,"51":1,"52":1,"53":1,"54":1,"55":1,"56":4,"57":4,"58":3,"59":1,"60":2,"61":1,"62":1,"63":1,"64":1,"65":1},"f":{"0":4,"1":3,"2":4,"3":4,"4":4},"b":{"0":[2,2],"1":[1,1],"2":[1,1],"3":[1,2],"4":[3,1],"5":[1,1],"6":[1,2],"7":[1,1],"8":[2,1],"9":[1,2],"10":[1,1],"11":[2,1]},"_coverageSchema":"1a1c01bbd47fc00a2c39e90264f33305004495a9","hash":"6fd3a6840db3ff8b00342431eaff59484b704249"}
,"C:\\Users\\User\\Desktop\\Software_Engineering\\project\\se-project-backend-18_hai-porjai-tum\\controllers\\user.js": {"path":"C:\\Users\\User\\Desktop\\Software_Engineering\\project\\se-project-backend-18_hai-porjai-tum\\controllers\\user.js","statementMap":{"0":{"start":{"line":4,"column":13},"end":{"line":4,"column":38}},"1":{"start":{"line":6,"column":0},"end":{"line":37,"column":2}},"2":{"start":{"line":7,"column":4},"end":{"line":36,"column":5}},"3":{"start":{"line":9,"column":8},"end":{"line":14,"column":9}},"4":{"start":{"line":10,"column":12},"end":{"line":13,"column":15}},"5":{"start":{"line":16,"column":23},"end":{"line":16,"column":34}},"6":{"start":{"line":19,"column":21},"end":{"line":23,"column":9}},"7":{"start":{"line":25,"column":8},"end":{"line":27,"column":9}},"8":{"start":{"line":26,"column":12},"end":{"line":26,"column":85}},"9":{"start":{"line":29,"column":8},"end":{"line":32,"column":11}},"10":{"start":{"line":34,"column":8},"end":{"line":34,"column":27}},"11":{"start":{"line":35,"column":8},"end":{"line":35,"column":80}},"12":{"start":{"line":39,"column":0},"end":{"line":63,"column":2}},"13":{"start":{"line":40,"column":4},"end":{"line":62,"column":5}},"14":{"start":{"line":41,"column":23},"end":{"line":41,"column":33}},"15":{"start":{"line":42,"column":28},"end":{"line":42,"column":36}},"16":{"start":{"line":45,"column":21},"end":{"line":49,"column":9}},"17":{"start":{"line":51,"column":8},"end":{"line":53,"column":9}},"18":{"start":{"line":52,"column":12},"end":{"line":52,"column":85}},"19":{"start":{"line":55,"column":8},"end":{"line":58,"column":11}},"20":{"start":{"line":60,"column":8},"end":{"line":60,"column":27}},"21":{"start":{"line":61,"column":8},"end":{"line":61,"column":80}},"22":{"start":{"line":67,"column":0},"end":{"line":83,"column":2}},"23":{"start":{"line":68,"column":4},"end":{"line":82,"column":5}},"24":{"start":{"line":69,"column":22},"end":{"line":69,"column":39}},"25":{"start":{"line":71,"column":8},"end":{"line":75,"column":11}},"26":{"start":{"line":77,"column":8},"end":{"line":77,"column":27}},"27":{"start":{"line":78,"column":8},"end":{"line":81,"column":11}}},"fnMap":{"0":{"name":"(anonymous_0)","decl":{"start":{"line":6,"column":28},"end":{"line":6,"column":29}},"loc":{"start":{"line":6,"column":54},"end":{"line":37,"column":1}},"line":6},"1":{"name":"(anonymous_1)","decl":{"start":{"line":39,"column":25},"end":{"line":39,"column":26}},"loc":{"start":{"line":39,"column":51},"end":{"line":63,"column":1}},"line":39},"2":{"name":"(anonymous_2)","decl":{"start":{"line":67,"column":19},"end":{"line":67,"column":20}},"loc":{"start":{"line":67,"column":45},"end":{"line":83,"column":1}},"line":67}},"branchMap":{"0":{"loc":{"start":{"line":9,"column":8},"end":{"line":14,"column":9}},"type":"if","locations":[{"start":{"line":9,"column":8},"end":{"line":14,"column":9}},{"start":{},"end":{}}],"line":9},"1":{"loc":{"start":{"line":25,"column":8},"end":{"line":27,"column":9}},"type":"if","locations":[{"start":{"line":25,"column":8},"end":{"line":27,"column":9}},{"start":{},"end":{}}],"line":25},"2":{"loc":{"start":{"line":51,"column":8},"end":{"line":53,"column":9}},"type":"if","locations":[{"start":{"line":51,"column":8},"end":{"line":53,"column":9}},{"start":{},"end":{}}],"line":51}},"s":{"0":1,"1":1,"2":4,"3":4,"4":1,"5":3,"6":3,"7":2,"8":1,"9":1,"10":1,"11":1,"12":1,"13":3,"14":3,"15":3,"16":3,"17":2,"18":1,"19":1,"20":1,"21":1,"22":1,"23":2,"24":2,"25":1,"26":1,"27":1},"f":{"0":4,"1":3,"2":2},"b":{"0":[1,3],"1":[1,1],"2":[1,1]},"_coverageSchema":"1a1c01bbd47fc00a2c39e90264f33305004495a9","hash":"3bf749bc56603262df3b0ce09ba7186992c767c7"}
,"C:\\Users\\User\\Desktop\\Software_Engineering\\project\\se-project-backend-18_hai-porjai-tum\\models\\Car.js": {"path":"C:\\Users\\User\\Desktop\\Software_Engineering\\project\\se-project-backend-18_hai-porjai-tum\\models\\Car.js","statementMap":{"0":{"start":{"line":1,"column":17},"end":{"line":1,"column":36}},"1":{"start":{"line":4,"column":18},"end":{"line":51,"column":2}},"2":{"start":{"line":68,"column":0},"end":{"line":73,"column":3}},"3":{"start":{"line":75,"column":0},"end":{"line":75,"column":50}}},"fnMap":{},"branchMap":{},"s":{"0":1,"1":1,"2":1,"3":1},"f":{},"b":{},"_coverageSchema":"1a1c01bbd47fc00a2c39e90264f33305004495a9","hash":"129cfa57af5a735a0ee8495a5d15bcc7cc34c510"}
,"C:\\Users\\User\\Desktop\\Software_Engineering\\project\\se-project-backend-18_hai-porjai-tum\\models\\Rental.js": {"path":"C:\\Users\\User\\Desktop\\Software_Engineering\\project\\se-project-backend-18_hai-porjai-tum\\models\\Rental.js","statementMap":{"0":{"start":{"line":1,"column":17},"end":{"line":1,"column":36}},"1":{"start":{"line":3,"column":21},"end":{"line":37,"column":2}},"2":{"start":{"line":39,"column":0},"end":{"line":39,"column":56}}},"fnMap":{},"branchMap":{},"s":{"0":1,"1":1,"2":1},"f":{},"b":{},"_coverageSchema":"1a1c01bbd47fc00a2c39e90264f33305004495a9","hash":"2e801ea1d1b3cdd2153e6a2dad0281dd2718cd1b"}
,"C:\\Users\\User\\Desktop\\Software_Engineering\\project\\se-project-backend-18_hai-porjai-tum\\models\\User.js": {"path":"C:\\Users\\User\\Desktop\\Software_Engineering\\project\\se-project-backend-18_hai-porjai-tum\\models\\User.js","statementMap":{"0":{"start":{"line":1,"column":17},"end":{"line":1,"column":36}},"1":{"start":{"line":2,"column":15},"end":{"line":2,"column":34}},"2":{"start":{"line":3,"column":10},"end":{"line":3,"column":33}},"3":{"start":{"line":5,"column":19},"end":{"line":37,"column":2}},"4":{"start":{"line":40,"column":0},"end":{"line":43,"column":3}},"5":{"start":{"line":41,"column":15},"end":{"line":41,"column":39}},"6":{"start":{"line":42,"column":4},"end":{"line":42,"column":56}},"7":{"start":{"line":46,"column":0},"end":{"line":50,"column":1}},"8":{"start":{"line":47,"column":4},"end":{"line":49,"column":7}},"9":{"start":{"line":53,"column":0},"end":{"line":55,"column":1}},"10":{"start":{"line":54,"column":4},"end":{"line":54,"column":64}},"11":{"start":{"line":57,"column":0},"end":{"line":57,"column":52}}},"fnMap":{"0":{"name":"(anonymous_0)","decl":{"start":{"line":40,"column":23},"end":{"line":40,"column":24}},"loc":{"start":{"line":40,"column":45},"end":{"line":43,"column":1}},"line":40},"1":{"name":"(anonymous_1)","decl":{"start":{"line":46,"column":39},"end":{"line":46,"column":40}},"loc":{"start":{"line":46,"column":51},"end":{"line":50,"column":1}},"line":46},"2":{"name":"(anonymous_2)","decl":{"start":{"line":53,"column":35},"end":{"line":53,"column":36}},"loc":{"start":{"line":53,"column":68},"end":{"line":55,"column":1}},"line":53}},"branchMap":{},"s":{"0":2,"1":2,"2":2,"3":2,"4":2,"5":4,"6":4,"7":2,"8":1,"9":2,"10":2,"11":2},"f":{"0":4,"1":1,"2":2},"b":{},"_coverageSchema":"1a1c01bbd47fc00a2c39e90264f33305004495a9","hash":"2ccbf84d0fa53c5c8f32770ef087eacbc8c719d6"}
,"C:\\Users\\User\\Desktop\\Software_Engineering\\project\\se-project-backend-18_hai-porjai-tum\\routes\\users.js": {"path":"C:\\Users\\User\\Desktop\\Software_Engineering\\project\\se-project-backend-18_hai-porjai-tum\\routes\\users.js","statementMap":{"0":{"start":{"line":1,"column":16},"end":{"line":1,"column":34}},"1":{"start":{"line":2,"column":56},"end":{"line":2,"column":86}},"2":{"start":{"line":4,"column":15},"end":{"line":4,"column":31}},"3":{"start":{"line":5,"column":31},"end":{"line":5,"column":60}},"4":{"start":{"line":8,"column":0},"end":{"line":8,"column":50}},"5":{"start":{"line":9,"column":0},"end":{"line":9,"column":59}},"6":{"start":{"line":10,"column":0},"end":{"line":11,"column":55}},"7":{"start":{"line":13,"column":0},"end":{"line":13,"column":24}}},"fnMap":{},"branchMap":{},"s":{"0":1,"1":1,"2":1,"3":1,"4":1,"5":1,"6":1,"7":1},"f":{},"b":{},"_coverageSchema":"1a1c01bbd47fc00a2c39e90264f33305004495a9","hash":"4526d20120f9d9eccf14042eb9160b2035f668f5"}
}
