TN:
SF:app.js
FNF:0
FNH:0
DA:2,1
DA:3,1
DA:4,1
DA:6,1
DA:8,1
DA:9,1
DA:12,1
DA:14,1
LF:8
LH:8
BRF:0
BRH:0
end_of_record
TN:
SF:controllers\rentals.js
FN:8,(anonymous_0)
FN:59,(anonymous_1)
FN:86,(anonymous_2)
FN:151,(anonymous_3)
FN:198,(anonymous_4)
FNF:5
FNH:5
FNDA:4,(anonymous_0)
FNDA:3,(anonymous_1)
FNDA:4,(anonymous_2)
FNDA:4,(anonymous_3)
FNDA:4,(anonymous_4)
DA:1,1
DA:2,1
DA:8,1
DA:10,4
DA:11,4
DA:12,2
DA:20,2
DA:21,1
DA:29,1
DA:39,3
DA:41,3
DA:47,1
DA:48,1
DA:59,1
DA:60,3
DA:61,3
DA:69,2
DA:70,1
DA:73,1
DA:78,1
DA:79,1
DA:86,1
DA:87,4
DA:89,4
DA:92,4
DA:99,3
DA:101,1
DA:105,2
DA:107,2
DA:109,2
DA:110,1
DA:130,1
DA:131,1
DA:132,1
DA:134,1
DA:138,1
DA:143,1
DA:144,1
DA:151,1
DA:152,4
DA:153,4
DA:155,3
DA:156,1
DA:160,2
DA:161,1
DA:173,1
DA:174,1
DA:176,1
DA:177,1
DA:178,1
DA:179,1
DA:181,1
DA:185,1
DA:190,1
DA:191,1
DA:198,1
DA:199,4
DA:200,4
DA:202,3
DA:203,1
DA:207,2
DA:208,1
DA:211,1
DA:213,1
DA:218,1
DA:219,1
LF:66
LH:66
BRDA:11,0,0,2
BRDA:11,0,1,2
BRDA:20,1,0,1
BRDA:20,1,1,1
BRDA:69,2,0,1
BRDA:69,2,1,1
BRDA:99,3,0,1
BRDA:99,3,1,2
BRDA:99,4,0,3
BRDA:99,4,1,1
BRDA:109,5,0,1
BRDA:109,5,1,1
BRDA:155,6,0,1
BRDA:155,6,1,2
BRDA:160,7,0,1
BRDA:160,7,1,1
BRDA:160,8,0,2
BRDA:160,8,1,1
BRDA:202,9,0,1
BRDA:202,9,1,2
BRDA:207,10,0,1
BRDA:207,10,1,1
BRDA:207,11,0,2
BRDA:207,11,1,1
BRF:24
BRH:24
end_of_record
TN:
SF:controllers\user.js
FN:6,(anonymous_0)
FN:39,(anonymous_1)
FN:67,(anonymous_2)
FNF:3
FNH:3
FNDA:4,(anonymous_0)
FNDA:3,(anonymous_1)
FNDA:2,(anonymous_2)
DA:4,1
DA:6,1
DA:7,4
DA:9,4
DA:10,1
DA:16,3
DA:19,3
DA:25,2
DA:26,1
DA:29,1
DA:34,1
DA:35,1
DA:39,1
DA:40,3
DA:41,3
DA:42,3
DA:45,3
DA:51,2
DA:52,1
DA:55,1
DA:60,1
DA:61,1
DA:67,1
DA:68,2
DA:69,2
DA:71,1
DA:77,1
DA:78,1
LF:28
LH:28
BRDA:9,0,0,1
BRDA:9,0,1,3
BRDA:25,1,0,1
BRDA:25,1,1,1
BRDA:51,2,0,1
BRDA:51,2,1,1
BRF:6
BRH:6
end_of_record
TN:
SF:models\Car.js
FNF:0
FNH:0
DA:1,1
DA:4,1
DA:68,1
DA:75,1
LF:4
LH:4
BRF:0
BRH:0
end_of_record
TN:
SF:models\Rental.js
FNF:0
FNH:0
DA:1,1
DA:3,1
DA:39,1
LF:3
LH:3
BRF:0
BRH:0
end_of_record
TN:
SF:models\User.js
FN:40,(anonymous_0)
FN:46,(anonymous_1)
FN:53,(anonymous_2)
FNF:3
FNH:3
FNDA:4,(anonymous_0)
FNDA:1,(anonymous_1)
FNDA:2,(anonymous_2)
DA:1,2
DA:2,2
DA:3,2
DA:5,2
DA:40,2
DA:41,4
DA:42,4
DA:46,2
DA:47,1
DA:53,2
DA:54,2
DA:57,2
LF:12
LH:12
BRF:0
BRH:0
end_of_record
TN:
SF:routes\users.js
FNF:0
FNH:0
DA:1,1
DA:2,1
DA:4,1
DA:5,1
DA:8,1
DA:9,1
DA:10,1
DA:13,1
LF:8
LH:8
BRF:0
BRH:0
end_of_record
